<?xml version="1.0" encoding="UTF-8"?>
<!-- Generated by org.testng.reporters.JUnitReportReporter -->
<testsuite hostname="DESKTOP-44VVFN8" failures="0" tests="3" name="RestAssuredDay1.HTTPRequests" time="4.839" errors="0" timestamp="2024-11-09T13:54:21 IST" skipped="0">
  <testcase classname="RestAssuredDay1.HTTPRequests" name="createUser" time="3.889"/>
  <testcase classname="RestAssuredDay1.HTTPRequests" name="updateUser" time="0.533"/>
  <testcase classname="RestAssuredDay1.HTTPRequests" name="deleteUser" time="0.417"/>
</testsuite> <!-- RestAssuredDay1.HTTPRequests -->
