<?xml version="1.0" encoding="UTF-8"?>
<!-- Generated by org.testng.reporters.JUnitReportReporter -->
<testsuite hostname="DESKTOP-44VVFN8" failures="0" tests="1" name="RestAssuredDay3.LoggingDemo" time="2.320" errors="0" timestamp="2024-11-16T13:55:40 IST" skipped="0">
  <testcase classname="RestAssuredDay3.LoggingDemo" name="testLogs" time="2.320"/>
</testsuite> <!-- RestAssuredDay3.LoggingDemo -->
