<?xml version="1.0" encoding="UTF-8"?>
<!-- Generated by org.testng.reporters.JUnitReportReporter -->
<testsuite hostname="DESKTOP-44VVFN8" failures="0" tests="1" name="RestAssuredDay3.CookieDemo" time="2.822" errors="0" timestamp="2024-11-16T13:37:35 IST" skipped="0">
  <testcase classname="RestAssuredDay3.CookieDemo" name="testCookies" time="2.822"/>
</testsuite> <!-- RestAssuredDay3.CookieDemo -->
