<?xml version="1.0" encoding="UTF-8"?>
<!-- Generated by org.testng.reporters.JUnitReportReporter -->
<testsuite hostname="DESKTOP-44VVFN8" failures="0" tests="1" name="RestAssuredDay2.DifferentWaysToCreateRequestBody" time="2.936" errors="0" timestamp="2024-11-10T13:57:39 IST" skipped="0">
  <testcase classname="RestAssuredDay2.DifferentWaysToCreateRequestBody" name="test_extFile" time="2.936"/>
</testsuite> <!-- RestAssuredDay2.DifferentWaysToCreateRequestBody -->
