<?xml version="1.0" encoding="UTF-8"?>
<!-- Generated by org.testng.reporters.JUnitReportReporter -->
<testsuite hostname="DESKTOP-44VVFN8" failures="0" tests="1" name="RestAssuredDay3.HeadersDemo" time="2.321" errors="0" timestamp="2024-11-16T13:49:16 IST" skipped="0">
  <testcase classname="RestAssuredDay3.HeadersDemo" name="testHeaders" time="2.321"/>
</testsuite> <!-- RestAssuredDay3.HeadersDemo -->
