<?xml version="1.0" encoding="UTF-8"?>
<!-- Generated by org.testng.reporters.JUnitReportReporter -->
<testsuite hostname="DESKTOP-44VVFN8" failures="0" tests="1" name="RestAssuredDay4.FakerDataGenerator" time="0.304" errors="0" timestamp="2024-11-23T13:46:22 IST" skipped="0">
  <testcase classname="RestAssuredDay4.FakerDataGenerator" name="testGenerateDummyData" time="0.304"/>
</testsuite> <!-- RestAssuredDay4.FakerDataGenerator -->
