<?xml version="1.0" encoding="UTF-8"?>
<!-- Generated by org.testng.reporters.JUnitReportReporter -->
<testsuite hostname="DESKTOP-44VVFN8" failures="0" tests="1" name="RestAssuredDay4.JsonSchema" time="3.134" errors="0" timestamp="2024-11-23T13:20:09 IST" skipped="0">
  <testcase classname="RestAssuredDay4.JsonSchema" name="jsonSchemaValidator" time="3.134"/>
</testsuite> <!-- RestAssuredDay4.JsonSchema -->
