<?xml version="1.0" encoding="UTF-8"?>
<!-- Generated by org.testng.reporters.JUnitReportReporter -->
<testsuite hostname="DESKTOP-44VVFN8" failures="0" tests="1" name="RestAssuredDay4.SerialAndDeSerial" time="0.331" errors="0" timestamp="2024-11-23T13:38:15 IST" skipped="0">
  <testcase classname="RestAssuredDay4.SerialAndDeSerial" name="JsonToPojo" time="0.331"/>
</testsuite> <!-- RestAssuredDay4.SerialAndDeSerial -->
