<?xml version="1.0" encoding="UTF-8"?>
<!-- Generated by org.testng.reporters.JUnitReportReporter -->
<testsuite hostname="DESKTOP-44VVFN8" failures="0" tests="1" name="APIChaining.CreateUser" time="4.743" errors="0" timestamp="2024-11-23T14:13:57 IST" skipped="0">
  <testcase classname="APIChaining.CreateUser" name="createUser" time="4.743"/>
</testsuite> <!-- APIChaining.CreateUser -->
