<?xml version="1.0" encoding="UTF-8"?>
<!-- Generated by org.testng.reporters.JUnitReportReporter -->
<testsuite hostname="DESKTOP-44VVFN8" failures="0" tests="1" name="RestAssuredDay3.PathAndQueryParameters" time="3.567" errors="0" timestamp="2024-11-16T13:22:10 IST" skipped="0">
  <testcase classname="RestAssuredDay3.PathAndQueryParameters" name="testQueryAndPathParameters" time="3.567"/>
</testsuite> <!-- RestAssuredDay3.PathAndQueryParameters -->
