<?xml version="1.0" encoding="UTF-8"?>
<!-- Generated by org.testng.reporters.JUnitReportReporter -->
<testsuite hostname="DESKTOP-44VVFN8" failures="0" tests="1" name="APIChaining.UpdateUser" time="0.800" errors="0" timestamp="2024-11-23T14:13:57 IST" skipped="0">
  <testcase classname="APIChaining.UpdateUser" name="updateUser" time="0.800"/>
</testsuite> <!-- APIChaining.UpdateUser -->
