<?xml version="1.0" encoding="UTF-8"?>
<!-- Generated by org.testng.reporters.JUnitReportReporter -->
<testsuite hostname="DESKTOP-44VVFN8" failures="0" tests="1" name="APIChaining.UpdateUser" time="5.057" errors="0" timestamp="2025-03-21T18:06:04 IST" skipped="0">
  <testcase classname="APIChaining.UpdateUser" name="updateUser" time="5.057"/>
</testsuite> <!-- APIChaining.UpdateUser -->
