<?xml version="1.0" encoding="UTF-8"?>
<!-- Generated by org.testng.reporters.JUnitReportReporter -->
<testsuite hostname="DESKTOP-44VVFN8" failures="0" tests="1" name="APIChaining.CreateUser" time="9.779" errors="0" timestamp="2025-03-21T18:06:04 IST" skipped="0">
  <testcase classname="APIChaining.CreateUser" name="createUser" time="9.779"/>
</testsuite> <!-- APIChaining.CreateUser -->
