<?xml version="1.0" encoding="UTF-8"?>
<!-- Generated by org.testng.reporters.JUnitReportReporter -->
<testsuite hostname="DESKTOP-44VVFN8" failures="0" tests="1" name="APIChaining.GetUser" time="2.271" errors="0" timestamp="2025-03-21T18:06:04 IST" skipped="0">
  <testcase classname="APIChaining.GetUser" name="getUser" time="2.271"/>
</testsuite> <!-- APIChaining.GetUser -->
